La génération a démarré 19/10/2011 21:00:46.
     1>Projet "C:\Users\antoine\Documents\Visual Studio 2010\Projects\uchiyamarkers\uchiyamarkers\uchiyamarkers.vcxproj" sur le nœud 2 (build cible(s)).
     1>InitializeBuildStatus:
         Mise à jour de l'horodatage "Debug\uchiyamarkers.unsuccessfulbuild".
       ClCompile:
         Toutes les sorties sont à jour.
       ManifestResourceCompile:
         Toutes les sorties sont à jour.
       Link:
         c:\Program Files (x86)\Microsoft Visual Studio 10.0\VC\bin\link.exe /ERRORREPORT:PROMPT /OUT:"C:\Users\antoine\Documents\Visual Studio 2010\Projects\uchiyamarkers\Debug\uchiyamarkers.exe" /INCREMENTAL /NOLOGO opencv_calib3d231d.lib opencv_contrib231d.lib opencv_core231d.lib opencv_features2d231d.lib opencv_flann231d.lib opencv_gpu231d.lib opencv_haartraining_engined.lib opencv_highgui231d.lib opencv_imgproc231d.lib opencv_legacy231d.lib opencv_ml231d.lib opencv_objdetect231d.lib opencv_ts231d.lib opencv_video231d.lib kernel32.lib user32.lib gdi32.lib winspool.lib comdlg32.lib advapi32.lib shell32.lib ole32.lib oleaut32.lib uuid.lib odbc32.lib odbccp32.lib /MANIFEST /ManifestFile:"Debug\uchiyamarkers.exe.intermediate.manifest" /MANIFESTUAC:"level='asInvoker' uiAccess='false'" /DEBUG /PDB:"C:\Users\antoine\Documents\Visual Studio 2010\Projects\uchiyamarkers\Debug\uchiyamarkers.pdb" /SUBSYSTEM:CONSOLE /TLBID:1 /DYNAMICBASE /NXCOMPAT /IMPLIB:"C:\Users\antoine\Documents\Visual Studio 2010\Projects\uchiyamarkers\Debug\uchiyamarkers.lib" /MACHINE:X86 Debug\uchiyamarkers.exe.embed.manifest.res
         Debug\blob.obj
         Debug\bloblist.obj
         Debug\hashtable.obj
         Debug\imgProcChiang.obj
         Debug\imgProcGM.obj
         Debug\llah.obj
         Debug\llahparam.obj
         Debug\main.obj
         Debug\combination.obj
         Debug\glwindow.obj
         Debug\mycam.obj
         Debug\myimage.obj
         Debug\mylabel.obj
         Debug\mymat.obj
         Debug\mytimer.obj
         Debug\paper.obj
         Debug\paperlist.obj
         Debug\Intersections.obj
         Debug\Skeletonize.obj
         Debug\window.obj
       Manifest:
         C:\Program Files (x86)\Microsoft SDKs\Windows\v7.0A\bin\mt.exe /nologo /verbose /out:"Debug\uchiyamarkers.exe.embed.manifest" /manifest Debug\uchiyamarkers.exe.intermediate.manifest
         C:\Program Files (x86)\Microsoft SDKs\Windows\v7.0A\bin\rc.exe /nologo /fo"Debug\uchiyamarkers.exe.embed.manifest.res" Debug\uchiyamarkers_manifest.rc 
       LinkEmbedManifest:
         c:\Program Files (x86)\Microsoft Visual Studio 10.0\VC\bin\link.exe /ERRORREPORT:PROMPT /OUT:"C:\Users\antoine\Documents\Visual Studio 2010\Projects\uchiyamarkers\Debug\uchiyamarkers.exe" /INCREMENTAL /NOLOGO opencv_calib3d231d.lib opencv_contrib231d.lib opencv_core231d.lib opencv_features2d231d.lib opencv_flann231d.lib opencv_gpu231d.lib opencv_haartraining_engined.lib opencv_highgui231d.lib opencv_imgproc231d.lib opencv_legacy231d.lib opencv_ml231d.lib opencv_objdetect231d.lib opencv_ts231d.lib opencv_video231d.lib kernel32.lib user32.lib gdi32.lib winspool.lib comdlg32.lib advapi32.lib shell32.lib ole32.lib oleaut32.lib uuid.lib odbc32.lib odbccp32.lib /MANIFEST /ManifestFile:"Debug\uchiyamarkers.exe.intermediate.manifest" /MANIFESTUAC:"level='asInvoker' uiAccess='false'" /DEBUG /PDB:"C:\Users\antoine\Documents\Visual Studio 2010\Projects\uchiyamarkers\Debug\uchiyamarkers.pdb" /SUBSYSTEM:CONSOLE /TLBID:1 /DYNAMICBASE /NXCOMPAT /IMPLIB:"C:\Users\antoine\Documents\Visual Studio 2010\Projects\uchiyamarkers\Debug\uchiyamarkers.lib" /MACHINE:X86 Debug\uchiyamarkers.exe.embed.manifest.res
         Debug\blob.obj
         Debug\bloblist.obj
         Debug\hashtable.obj
         Debug\imgProcChiang.obj
         Debug\imgProcGM.obj
         Debug\llah.obj
         Debug\llahparam.obj
         Debug\main.obj
         Debug\combination.obj
         Debug\glwindow.obj
         Debug\mycam.obj
         Debug\myimage.obj
         Debug\mylabel.obj
         Debug\mymat.obj
         Debug\mytimer.obj
         Debug\paper.obj
         Debug\paperlist.obj
         Debug\Intersections.obj
         Debug\Skeletonize.obj
         Debug\window.obj
         uchiyamarkers.vcxproj -> C:\Users\antoine\Documents\Visual Studio 2010\Projects\uchiyamarkers\Debug\uchiyamarkers.exe
       FinalizeBuildStatus:
         Suppression du fichier "Debug\uchiyamarkers.unsuccessfulbuild".
         Mise à jour de l'horodatage "Debug\uchiyamarkers.lastbuildstate".
     1>Génération du projet "C:\Users\antoine\Documents\Visual Studio 2010\Projects\uchiyamarkers\uchiyamarkers\uchiyamarkers.vcxproj" terminée (build cible(s)).

La génération a réussi.

Temps écoulé 00:00:02.97
